[2022-09-30T01:09:11.659Z] Log level: Info
[2022-09-30T01:09:11.665Z] [info] Validating found git in: git
[2022-09-30T01:09:11.698Z] [info] Using git 2.33.0 from git
[2022-09-30T01:09:11.790Z] > git rev-parse --show-toplevel [77ms]
[2022-09-30T01:09:11.801Z] > git rev-parse --git-dir --git-common-dir [2ms]
[2022-09-30T01:09:11.809Z] [info] Open repository: /home/clouduser
[2022-09-30T01:09:11.856Z] > git status -z -uall [34ms]
[2022-09-30T01:09:11.874Z] > git symbolic-ref --short HEAD [12ms]
[2022-09-30T01:09:11.923Z] > git for-each-ref --format=%(refname)%00%(upstream:short)%00%(objectname)%00%(upstream:track)%00%(upstream:remotename)%00%(upstream:remoteref) refs/heads/master refs/remotes/master [42ms]
[2022-09-30T01:09:11.938Z] > git for-each-ref --sort -committerdate --format %(refname) %(objectname) %(*objectname) [6ms]
[2022-09-30T01:09:11.942Z] > git remote --verbose [5ms]
[2022-09-30T01:09:12.026Z] > git config --get commit.template [17ms]
[2022-09-30T01:09:12.530Z] > git status -z -uall [498ms]
[2022-09-30T01:09:12.541Z] > git symbolic-ref --short HEAD [1ms]
[2022-09-30T01:09:12.553Z] > git check-ignore -v -z --stdin [30ms]
[2022-09-30T01:09:12.556Z] > git for-each-ref --format=%(refname)%00%(upstream:short)%00%(objectname)%00%(upstream:track)%00%(upstream:remotename)%00%(upstream:remoteref) refs/heads/master refs/remotes/master [8ms]
[2022-09-30T01:09:12.569Z] > git for-each-ref --sort -committerdate --format %(refname) %(objectname) %(*objectname) [6ms]
[2022-09-30T01:09:12.575Z] > git remote --verbose [8ms]
[2022-09-30T01:09:12.639Z] > git config --get commit.template [6ms]
[2022-09-30T01:09:13.082Z] > git fetch [1266ms]
[2022-09-30T01:09:13.197Z] > git status -z -uall [85ms]
[2022-09-30T01:09:13.204Z] > git symbolic-ref --short HEAD [2ms]
[2022-09-30T01:09:13.210Z] > git for-each-ref --format=%(refname)%00%(upstream:short)%00%(objectname)%00%(upstream:track)%00%(upstream:remotename)%00%(upstream:remoteref) refs/heads/master refs/remotes/master [2ms]
[2022-09-30T01:09:13.219Z] > git for-each-ref --sort -committerdate --format %(refname) %(objectname) %(*objectname) [5ms]
[2022-09-30T01:09:13.221Z] > git remote --verbose [3ms]
[2022-09-30T01:09:13.260Z] > git config --get commit.template [2ms]
[2022-09-30T01:09:55.572Z] > git status -z -uall [29ms]
[2022-09-30T01:09:55.581Z] > git symbolic-ref --short HEAD [2ms]
[2022-09-30T01:09:55.589Z] > git for-each-ref --format=%(refname)%00%(upstream:short)%00%(objectname)%00%(upstream:track)%00%(upstream:remotename)%00%(upstream:remoteref) refs/heads/master refs/remotes/master [3ms]
[2022-09-30T01:09:55.601Z] > git for-each-ref --sort -committerdate --format %(refname) %(objectname) %(*objectname) [7ms]
[2022-09-30T01:09:55.603Z] > git remote --verbose [3ms]
[2022-09-30T01:09:55.642Z] > git config --get commit.template [3ms]
[2022-09-30T01:10:00.673Z] > git status -z -uall [22ms]
[2022-09-30T01:10:00.680Z] > git symbolic-ref --short HEAD [2ms]
[2022-09-30T01:10:00.686Z] > git for-each-ref --format=%(refname)%00%(upstream:short)%00%(objectname)%00%(upstream:track)%00%(upstream:remotename)%00%(upstream:remoteref) refs/heads/master refs/remotes/master [2ms]
[2022-09-30T01:10:00.694Z] > git for-each-ref --sort -committerdate --format %(refname) %(objectname) %(*objectname) [5ms]
[2022-09-30T01:10:00.696Z] > git remote --verbose [3ms]
[2022-09-30T01:10:00.748Z] > git config --get commit.template [2ms]
[2022-09-30T01:10:03.939Z] > git check-ignore -v -z --stdin [3ms]
[2022-09-30T01:10:04.801Z] > git check-ignore -v -z --stdin [3ms]
[2022-09-30T01:10:05.787Z] > git status -z -uall [30ms]
[2022-09-30T01:10:05.798Z] > git symbolic-ref --short HEAD [3ms]
[2022-09-30T01:10:05.808Z] > git for-each-ref --format=%(refname)%00%(upstream:short)%00%(objectname)%00%(upstream:track)%00%(upstream:remotename)%00%(upstream:remoteref) refs/heads/master refs/remotes/master [4ms]
[2022-09-30T01:10:05.820Z] > git for-each-ref --sort -committerdate --format %(refname) %(objectname) %(*objectname) [6ms]
[2022-09-30T01:10:05.830Z] > git remote --verbose [11ms]
[2022-09-30T01:10:05.867Z] > git config --get commit.template [3ms]
[2022-09-30T01:10:29.836Z] > git status -z -uall [22ms]
[2022-09-30T01:10:29.847Z] > git symbolic-ref --short HEAD [2ms]
[2022-09-30T01:10:29.856Z] > git for-each-ref --format=%(refname)%00%(upstream:short)%00%(objectname)%00%(upstream:track)%00%(upstream:remotename)%00%(upstream:remoteref) refs/heads/master refs/remotes/master [2ms]
[2022-09-30T01:10:29.872Z] > git for-each-ref --sort -committerdate --format %(refname) %(objectname) %(*objectname) [9ms]
[2022-09-30T01:10:29.874Z] > git remote --verbose [3ms]
[2022-09-30T01:10:29.918Z] > git config --get commit.template [3ms]
[2022-09-30T01:10:32.082Z] > git check-ignore -v -z --stdin [3ms]
[2022-09-30T01:10:34.948Z] > git status -z -uall [22ms]
[2022-09-30T01:10:34.958Z] > git symbolic-ref --short HEAD [3ms]
[2022-09-30T01:10:34.965Z] > git for-each-ref --format=%(refname)%00%(upstream:short)%00%(objectname)%00%(upstream:track)%00%(upstream:remotename)%00%(upstream:remoteref) refs/heads/master refs/remotes/master [2ms]
[2022-09-30T01:10:34.978Z] > git for-each-ref --sort -committerdate --format %(refname) %(objectname) %(*objectname) [7ms]
[2022-09-30T01:10:34.981Z] > git remote --verbose [4ms]
[2022-09-30T01:10:35.025Z] > git config --get commit.template [3ms]
[2022-09-30T01:10:36.974Z] > git check-ignore -v -z --stdin [3ms]
[2022-09-30T01:10:40.059Z] > git status -z -uall [26ms]
[2022-09-30T01:10:40.066Z] > git symbolic-ref --short HEAD [2ms]
[2022-09-30T01:10:40.072Z] > git for-each-ref --format=%(refname)%00%(upstream:short)%00%(objectname)%00%(upstream:track)%00%(upstream:remotename)%00%(upstream:remoteref) refs/heads/master refs/remotes/master [2ms]
[2022-09-30T01:10:40.082Z] > git for-each-ref --sort -committerdate --format %(refname) %(objectname) %(*objectname) [6ms]
[2022-09-30T01:10:40.084Z] > git remote --verbose [2ms]
[2022-09-30T01:10:40.141Z] > git config --get commit.template [9ms]
[2022-09-30T01:10:45.172Z] > git status -z -uall [21ms]
[2022-09-30T01:10:45.182Z] > git symbolic-ref --short HEAD [3ms]
[2022-09-30T01:10:45.190Z] > git for-each-ref --format=%(refname)%00%(upstream:short)%00%(objectname)%00%(upstream:track)%00%(upstream:remotename)%00%(upstream:remoteref) refs/heads/master refs/remotes/master [2ms]
[2022-09-30T01:10:45.205Z] > git for-each-ref --sort -committerdate --format %(refname) %(objectname) %(*objectname) [8ms]
[2022-09-30T01:10:45.208Z] > git remote --verbose [4ms]
[2022-09-30T01:10:45.245Z] > git config --get commit.template [3ms]
[2022-09-30T01:10:50.276Z] > git status -z -uall [22ms]
[2022-09-30T01:10:50.286Z] > git symbolic-ref --short HEAD [3ms]
[2022-09-30T01:10:50.295Z] > git for-each-ref --format=%(refname)%00%(upstream:short)%00%(objectname)%00%(upstream:track)%00%(upstream:remotename)%00%(upstream:remoteref) refs/heads/master refs/remotes/master [2ms]
[2022-09-30T01:10:50.309Z] > git for-each-ref --sort -committerdate --format %(refname) %(objectname) %(*objectname) [7ms]
[2022-09-30T01:10:50.312Z] > git remote --verbose [4ms]
[2022-09-30T01:10:50.353Z] > git config --get commit.template [3ms]
[2022-09-30T01:10:51.660Z] > git check-ignore -v -z --stdin [3ms]
[2022-09-30T01:10:53.466Z] > git check-ignore -v -z --stdin [6ms]
[2022-09-30T01:10:55.382Z] > git status -z -uall [22ms]
[2022-09-30T01:10:55.389Z] > git symbolic-ref --short HEAD [2ms]
[2022-09-30T01:10:55.395Z] > git for-each-ref --format=%(refname)%00%(upstream:short)%00%(objectname)%00%(upstream:track)%00%(upstream:remotename)%00%(upstream:remoteref) refs/heads/master refs/remotes/master [1ms]
[2022-09-30T01:10:55.405Z] > git for-each-ref --sort -committerdate --format %(refname) %(objectname) %(*objectname) [6ms]
[2022-09-30T01:10:55.406Z] > git remote --verbose [2ms]
[2022-09-30T01:10:55.454Z] > git config --get commit.template [6ms]
[2022-09-30T01:10:56.261Z] > git check-ignore -v -z --stdin [14ms]
[2022-09-30T01:10:58.321Z] > git check-ignore -v -z --stdin [3ms]
