*
* Visual Studio Code Server
*
* By using the software, you agree to
* the Visual Studio Code Server License Terms (https://aka.ms/vscode-server-license) and
* the Microsoft Privacy Statement (https://privacy.microsoft.com/en-US/privacystatement).
*
Server bound to 127.0.0.1:40711 (IPv4)
Extension host agent listening on 40711

[01:08:16] Extension host agent started.
[01:08:17] [127.0.0.1][b006811b][ManagementConnection] New connection established.
[01:08:17] [127.0.0.1][02fcf2fd][ExtensionHostConnection] New connection established.
[01:08:17] [127.0.0.1][02fcf2fd][ExtensionHostConnection] <14575> Launched Extension Host Process.
[IPC Library: Pty Host]  WARN Shell integration cannot be enabled for executable "/bin/sh" and args [
  '-c',
  'wget --version > /dev/null\n' +
    'if [ $? -eq 0 ]\n' +
    'then\n' +
    "\twget --connect-timeout=7 --tries=1 --dns-timeout=7 -q --header='Metadata:true' -O - http://169.254.169.254/metadata/instance?api-version=2019-03-11\n" +
    'else\n' +
    '\tcurl --version > /dev/null\n' +
    '\tif [ $? -eq 0 ]\n' +
    '\tthen\n' +
    "\t\tcurl --connect-timeout 7 -s --header='Metadata:true' http://169.254.169.254/metadata/instance?api-version=2019-03-11\n" +
    '\tfi\n' +
    'fi\n' +
    'exit 0'
]
[IPC Library: Pty Host]  WARN Shell integration cannot be enabled for executable "/bin/sh" and args [
  '-c',
  'wget --version > /dev/null\n' +
    'if [ $? -eq 0 ]\n' +
    'then\n' +
    '\twget --connect-timeout=7 --tries=1 --dns-timeout=7 -q  -O - http://169.254.169.254/latest/meta-data/instance-id\n' +
    'else\n' +
    '\tcurl --version > /dev/null\n' +
    '\tif [ $? -eq 0 ]\n' +
    '\tthen\n' +
    '\t\tcurl --connect-timeout 7 -s  http://169.254.169.254/latest/meta-data/instance-id\n' +
    '\tfi\n' +
    'fi\n' +
    'exit 0'
]
[IPC Library: Pty Host]  WARN Shell integration cannot be enabled for executable "/bin/sh" and args [
  '-c',
  'wget --version > /dev/null\n' +
    'if [ $? -eq 0 ]\n' +
    'then\n' +
    '\twget --connect-timeout=7 --tries=1 --dns-timeout=7 -q  -O - http://169.254.169.254/metadata/v1/id\n' +
    'else\n' +
    '\tcurl --version > /dev/null\n' +
    '\tif [ $? -eq 0 ]\n' +
    '\tthen\n' +
    '\t\tcurl --connect-timeout 7 -s  http://169.254.169.254/metadata/v1/id\n' +
    '\tfi\n' +
    'fi\n' +
    'exit 0'
]
[IPC Library: Pty Host]  WARN Shell integration cannot be enabled for executable "/bin/sh" and args [
  '-c',
  'wget --version > /dev/null\n' +
    'if [ $? -eq 0 ]\n' +
    'then\n' +
    "\twget --connect-timeout=7 --tries=1 --dns-timeout=7 -q --header='Metadata-Flavor:Google' -O - http://metadata.google.internal/computeMetadata/v1/instance/id\n" +
    'else\n' +
    '\tcurl --version > /dev/null\n' +
    '\tif [ $? -eq 0 ]\n' +
    '\tthen\n' +
    "\t\tcurl --connect-timeout 7 -s --header='Metadata-Flavor:Google' http://metadata.google.internal/computeMetadata/v1/instance/id\n" +
    '\tfi\n' +
    'fi\n' +
    'exit 0'
]
[01:08:43] [127.0.0.1][b006811b][ManagementConnection] The client has disconnected gracefully, so the connection will be disposed.
[01:08:43] [127.0.0.1][02fcf2fd][ExtensionHostConnection] <14575> Extension Host Process exited with code: 0, signal: null.
Last EH closed, waiting before shutting down
[01:08:43] Last EH closed, waiting before shutting down
Got delay-shutdown request while in shutdown timeout, delaying
[01:08:51] Got delay-shutdown request while in shutdown timeout, delaying
Cancelling previous shutdown timeout
[01:08:51] Cancelling previous shutdown timeout
[01:08:52] [127.0.0.1][891ab92e][ManagementConnection] New connection established.
[01:08:52] [127.0.0.1][172f5134][ExtensionHostConnection] New connection established.
[01:08:52] [127.0.0.1][172f5134][ExtensionHostConnection] <14735> Launched Extension Host Process.
[IPC Library: Pty Host]  WARN Shell integration cannot be enabled for executable "/bin/sh" and args [
  '-c',
  'wget --version > /dev/null\n' +
    'if [ $? -eq 0 ]\n' +
    'then\n' +
    "\twget --connect-timeout=7 --tries=1 --dns-timeout=7 -q --header='Metadata:true' -O - http://169.254.169.254/metadata/instance?api-version=2019-03-11\n" +
    'else\n' +
    '\tcurl --version > /dev/null\n' +
    '\tif [ $? -eq 0 ]\n' +
    '\tthen\n' +
    "\t\tcurl --connect-timeout 7 -s --header='Metadata:true' http://169.254.169.254/metadata/instance?api-version=2019-03-11\n" +
    '\tfi\n' +
    'fi\n' +
    'exit 0'
]
[IPC Library: Pty Host]  WARN Shell integration cannot be enabled for executable "/bin/sh" and args [
  '-c',
  'wget --version > /dev/null\n' +
    'if [ $? -eq 0 ]\n' +
    'then\n' +
    '\twget --connect-timeout=7 --tries=1 --dns-timeout=7 -q  -O - http://169.254.169.254/latest/meta-data/instance-id\n' +
    'else\n' +
    '\tcurl --version > /dev/null\n' +
    '\tif [ $? -eq 0 ]\n' +
    '\tthen\n' +
    '\t\tcurl --connect-timeout 7 -s  http://169.254.169.254/latest/meta-data/instance-id\n' +
    '\tfi\n' +
    'fi\n' +
    'exit 0'
]
[IPC Library: Pty Host]  WARN Shell integration cannot be enabled for executable "/bin/sh" and args [
  '-c',
  'wget --version > /dev/null\n' +
    'if [ $? -eq 0 ]\n' +
    'then\n' +
    '\twget --connect-timeout=7 --tries=1 --dns-timeout=7 -q  -O - http://169.254.169.254/metadata/v1/id\n' +
    'else\n' +
    '\tcurl --version > /dev/null\n' +
    '\tif [ $? -eq 0 ]\n' +
    '\tthen\n' +
    '\t\tcurl --connect-timeout 7 -s  http://169.254.169.254/metadata/v1/id\n' +
    '\tfi\n' +
    'fi\n' +
    'exit 0'
]
[IPC Library: Pty Host]  WARN Shell integration cannot be enabled for executable "/bin/sh" and args [
  '-c',
  'wget --version > /dev/null\n' +
    'if [ $? -eq 0 ]\n' +
    'then\n' +
    "\twget --connect-timeout=7 --tries=1 --dns-timeout=7 -q --header='Metadata-Flavor:Google' -O - http://metadata.google.internal/computeMetadata/v1/instance/id\n" +
    'else\n' +
    '\tcurl --version > /dev/null\n' +
    '\tif [ $? -eq 0 ]\n' +
    '\tthen\n' +
    "\t\tcurl --connect-timeout 7 -s --header='Metadata-Flavor:Google' http://metadata.google.internal/computeMetadata/v1/instance/id\n" +
    '\tfi\n' +
    'fi\n' +
    'exit 0'
]
rejected promise not handled within 1 second: CodeExpectedError: Could not find pty on pty host
stack trace: CodeExpectedError: Could not find pty on pty host,    at c._throwIfNoPty (/home/clouduser/.vscode-server/bin/74b1f979648cc44d385a2286793c226e611f59e7/out/vs/platform/terminal/node/ptyHostMain.js:23:36316),    at c.updateTitle (/home/clouduser/.vscode-server/bin/74b1f979648cc44d385a2286793c226e611f59e7/out/vs/platform/terminal/node/ptyHostMain.js:23:32064),    at Object.call (/home/clouduser/.vscode-server/bin/74b1f979648cc44d385a2286793c226e611f59e7/out/vs/platform/terminal/node/ptyHostMain.js:16:8386),    at u.onPromise (/home/clouduser/.vscode-server/bin/74b1f979648cc44d385a2286793c226e611f59e7/out/vs/platform/terminal/node/ptyHostMain.js:15:5851),    at u.onRawMessage (/home/clouduser/.vscode-server/bin/74b1f979648cc44d385a2286793c226e611f59e7/out/vs/platform/terminal/node/ptyHostMain.js:15:5234),    at /home/clouduser/.vscode-server/bin/74b1f979648cc44d385a2286793c226e611f59e7/out/vs/platform/terminal/node/ptyHostMain.js:15:4520,    at p.invoke (/home/clouduser/.vscode-server/bin/74b1f979648cc44d385a2286793c226e611f59e7/out/vs/platform/terminal/node/ptyHostMain.js:11:145),    at D.deliver (/home/clouduser/.vscode-server/bin/74b1f979648cc44d385a2286793c226e611f59e7/out/vs/platform/terminal/node/ptyHostMain.js:11:2275),    at T.fire (/home/clouduser/.vscode-server/bin/74b1f979648cc44d385a2286793c226e611f59e7/out/vs/platform/terminal/node/ptyHostMain.js:11:1853),    at process.Q (/home/clouduser/.vscode-server/bin/74b1f979648cc44d385a2286793c226e611f59e7/out/vs/platform/terminal/node/ptyHostMain.js:9:20703),    at process.emit (node:events:526:28),    at emit (node:internal/child_process:938:14),    at processTicksAndRejections (node:internal/process/task_queues:84:21)
[01:08:54] [Error [CodeExpectedError]: Could not find pty on pty host,    at c._throwIfNoPty (/home/clouduser/.vscode-server/bin/74b1f979648cc44d385a2286793c226e611f59e7/out/vs/platform/terminal/node/ptyHostMain.js:23:36316),    at c.updateTitle (/home/clouduser/.vscode-server/bin/74b1f979648cc44d385a2286793c226e611f59e7/out/vs/platform/terminal/node/ptyHostMain.js:23:32064),    at Object.call (/home/clouduser/.vscode-server/bin/74b1f979648cc44d385a2286793c226e611f59e7/out/vs/platform/terminal/node/ptyHostMain.js:16:8386),    at u.onPromise (/home/clouduser/.vscode-server/bin/74b1f979648cc44d385a2286793c226e611f59e7/out/vs/platform/terminal/node/ptyHostMain.js:15:5851),    at u.onRawMessage (/home/clouduser/.vscode-server/bin/74b1f979648cc44d385a2286793c226e611f59e7/out/vs/platform/terminal/node/ptyHostMain.js:15:5234),    at /home/clouduser/.vscode-server/bin/74b1f979648cc44d385a2286793c226e611f59e7/out/vs/platform/terminal/node/ptyHostMain.js:15:4520,    at p.invoke (/home/clouduser/.vscode-server/bin/74b1f979648cc44d385a2286793c226e611f59e7/out/vs/platform/terminal/node/ptyHostMain.js:11:145),    at D.deliver (/home/clouduser/.vscode-server/bin/74b1f979648cc44d385a2286793c226e611f59e7/out/vs/platform/terminal/node/ptyHostMain.js:11:2275),    at T.fire (/home/clouduser/.vscode-server/bin/74b1f979648cc44d385a2286793c226e611f59e7/out/vs/platform/terminal/node/ptyHostMain.js:11:1853),    at process.Q (/home/clouduser/.vscode-server/bin/74b1f979648cc44d385a2286793c226e611f59e7/out/vs/platform/terminal/node/ptyHostMain.js:9:20703),    at process.emit (node:events:526:28),    at emit (node:internal/child_process:938:14),    at processTicksAndRejections (node:internal/process/task_queues:84:21)]
[01:09:02] [127.0.0.1][891ab92e][ManagementConnection] The client has disconnected gracefully, so the connection will be disposed.
[01:09:02] [127.0.0.1][172f5134][ExtensionHostConnection] <14735> Extension Host Process exited with code: 0, signal: null.
Cancelling previous shutdown timeout
[01:09:02] Cancelling previous shutdown timeout
Last EH closed, waiting before shutting down
[01:09:02] Last EH closed, waiting before shutting down
Got delay-shutdown request while in shutdown timeout, delaying
[01:09:05] Got delay-shutdown request while in shutdown timeout, delaying
Cancelling previous shutdown timeout
[01:09:05] Cancelling previous shutdown timeout
[01:09:06] [127.0.0.1][31083c77][ManagementConnection] New connection established.
[01:09:06] [127.0.0.1][2cdbad59][ExtensionHostConnection] New connection established.
[01:09:06] [127.0.0.1][2cdbad59][ExtensionHostConnection] <14888> Launched Extension Host Process.
[IPC Library: Pty Host]  WARN Shell integration cannot be enabled for executable "/bin/sh" and args [
  '-c',
  'wget --version > /dev/null\n' +
    'if [ $? -eq 0 ]\n' +
    'then\n' +
    "\twget --connect-timeout=7 --tries=1 --dns-timeout=7 -q --header='Metadata:true' -O - http://169.254.169.254/metadata/instance?api-version=2019-03-11\n" +
    'else\n' +
    '\tcurl --version > /dev/null\n' +
    '\tif [ $? -eq 0 ]\n' +
    '\tthen\n' +
    "\t\tcurl --connect-timeout 7 -s --header='Metadata:true' http://169.254.169.254/metadata/instance?api-version=2019-03-11\n" +
    '\tfi\n' +
    'fi\n' +
    'exit 0'
]
[IPC Library: Pty Host]  WARN Shell integration cannot be enabled for executable "/bin/sh" and args [
  '-c',
  'wget --version > /dev/null\n' +
    'if [ $? -eq 0 ]\n' +
    'then\n' +
    '\twget --connect-timeout=7 --tries=1 --dns-timeout=7 -q  -O - http://169.254.169.254/latest/meta-data/instance-id\n' +
    'else\n' +
    '\tcurl --version > /dev/null\n' +
    '\tif [ $? -eq 0 ]\n' +
    '\tthen\n' +
    '\t\tcurl --connect-timeout 7 -s  http://169.254.169.254/latest/meta-data/instance-id\n' +
    '\tfi\n' +
    'fi\n' +
    'exit 0'
]
[IPC Library: Pty Host]  WARN Shell integration cannot be enabled for executable "/bin/sh" and args [
  '-c',
  'wget --version > /dev/null\n' +
    'if [ $? -eq 0 ]\n' +
    'then\n' +
    '\twget --connect-timeout=7 --tries=1 --dns-timeout=7 -q  -O - http://169.254.169.254/metadata/v1/id\n' +
    'else\n' +
    '\tcurl --version > /dev/null\n' +
    '\tif [ $? -eq 0 ]\n' +
    '\tthen\n' +
    '\t\tcurl --connect-timeout 7 -s  http://169.254.169.254/metadata/v1/id\n' +
    '\tfi\n' +
    'fi\n' +
    'exit 0'
]
[IPC Library: Pty Host]  WARN Shell integration cannot be enabled for executable "/bin/sh" and args [
  '-c',
  'wget --version > /dev/null\n' +
    'if [ $? -eq 0 ]\n' +
    'then\n' +
    "\twget --connect-timeout=7 --tries=1 --dns-timeout=7 -q --header='Metadata-Flavor:Google' -O - http://metadata.google.internal/computeMetadata/v1/instance/id\n" +
    'else\n' +
    '\tcurl --version > /dev/null\n' +
    '\tif [ $? -eq 0 ]\n' +
    '\tthen\n' +
    "\t\tcurl --connect-timeout 7 -s --header='Metadata-Flavor:Google' http://metadata.google.internal/computeMetadata/v1/instance/id\n" +
    '\tfi\n' +
    'fi\n' +
    'exit 0'
]
rejected promise not handled within 1 second: CodeExpectedError: Could not find pty on pty host
stack trace: CodeExpectedError: Could not find pty on pty host,    at c._throwIfNoPty (/home/clouduser/.vscode-server/bin/74b1f979648cc44d385a2286793c226e611f59e7/out/vs/platform/terminal/node/ptyHostMain.js:23:36316),    at c.updateTitle (/home/clouduser/.vscode-server/bin/74b1f979648cc44d385a2286793c226e611f59e7/out/vs/platform/terminal/node/ptyHostMain.js:23:32064),    at Object.call (/home/clouduser/.vscode-server/bin/74b1f979648cc44d385a2286793c226e611f59e7/out/vs/platform/terminal/node/ptyHostMain.js:16:8386),    at u.onPromise (/home/clouduser/.vscode-server/bin/74b1f979648cc44d385a2286793c226e611f59e7/out/vs/platform/terminal/node/ptyHostMain.js:15:5851),    at u.onRawMessage (/home/clouduser/.vscode-server/bin/74b1f979648cc44d385a2286793c226e611f59e7/out/vs/platform/terminal/node/ptyHostMain.js:15:5234),    at /home/clouduser/.vscode-server/bin/74b1f979648cc44d385a2286793c226e611f59e7/out/vs/platform/terminal/node/ptyHostMain.js:15:4520,    at p.invoke (/home/clouduser/.vscode-server/bin/74b1f979648cc44d385a2286793c226e611f59e7/out/vs/platform/terminal/node/ptyHostMain.js:11:145),    at D.deliver (/home/clouduser/.vscode-server/bin/74b1f979648cc44d385a2286793c226e611f59e7/out/vs/platform/terminal/node/ptyHostMain.js:11:2275),    at T.fire (/home/clouduser/.vscode-server/bin/74b1f979648cc44d385a2286793c226e611f59e7/out/vs/platform/terminal/node/ptyHostMain.js:11:1853),    at process.Q (/home/clouduser/.vscode-server/bin/74b1f979648cc44d385a2286793c226e611f59e7/out/vs/platform/terminal/node/ptyHostMain.js:9:20703),    at process.emit (node:events:526:28),    at emit (node:internal/child_process:938:14),    at processTicksAndRejections (node:internal/process/task_queues:84:21)
[01:09:08] [Error [CodeExpectedError]: Could not find pty on pty host,    at c._throwIfNoPty (/home/clouduser/.vscode-server/bin/74b1f979648cc44d385a2286793c226e611f59e7/out/vs/platform/terminal/node/ptyHostMain.js:23:36316),    at c.updateTitle (/home/clouduser/.vscode-server/bin/74b1f979648cc44d385a2286793c226e611f59e7/out/vs/platform/terminal/node/ptyHostMain.js:23:32064),    at Object.call (/home/clouduser/.vscode-server/bin/74b1f979648cc44d385a2286793c226e611f59e7/out/vs/platform/terminal/node/ptyHostMain.js:16:8386),    at u.onPromise (/home/clouduser/.vscode-server/bin/74b1f979648cc44d385a2286793c226e611f59e7/out/vs/platform/terminal/node/ptyHostMain.js:15:5851),    at u.onRawMessage (/home/clouduser/.vscode-server/bin/74b1f979648cc44d385a2286793c226e611f59e7/out/vs/platform/terminal/node/ptyHostMain.js:15:5234),    at /home/clouduser/.vscode-server/bin/74b1f979648cc44d385a2286793c226e611f59e7/out/vs/platform/terminal/node/ptyHostMain.js:15:4520,    at p.invoke (/home/clouduser/.vscode-server/bin/74b1f979648cc44d385a2286793c226e611f59e7/out/vs/platform/terminal/node/ptyHostMain.js:11:145),    at D.deliver (/home/clouduser/.vscode-server/bin/74b1f979648cc44d385a2286793c226e611f59e7/out/vs/platform/terminal/node/ptyHostMain.js:11:2275),    at T.fire (/home/clouduser/.vscode-server/bin/74b1f979648cc44d385a2286793c226e611f59e7/out/vs/platform/terminal/node/ptyHostMain.js:11:1853),    at process.Q (/home/clouduser/.vscode-server/bin/74b1f979648cc44d385a2286793c226e611f59e7/out/vs/platform/terminal/node/ptyHostMain.js:9:20703),    at process.emit (node:events:526:28),    at emit (node:internal/child_process:938:14),    at processTicksAndRejections (node:internal/process/task_queues:84:21)]
